{"D:\\Hobby\\LottoLens\\frontend\\src\\components\\common\\LotterySwitcher.jsx": {"path":"D:\\Hobby\\LottoLens\\frontend\\src\\components\\common\\LotterySwitcher.jsx","statementMap":{"0":{"start":{"line":4,"column":16},"end":{"line":21,"column":null}},"1":{"start":{"line":5,"column":2},"end":{"line":21,"column":null}},"2":{"start":{"line":24,"column":17},"end":{"line":40,"column":null}},"3":{"start":{"line":25,"column":2},"end":{"line":40,"column":null}},"4":{"start":{"line":44,"column":38},"end":{"line":44,"column":null}},"5":{"start":{"line":45,"column":8},"end":{"line":45,"column":null}},"6":{"start":{"line":46,"column":8},"end":{"line":46,"column":null}},"7":{"start":{"line":47,"column":32},"end":{"line":47,"column":null}},"8":{"start":{"line":50,"column":2},"end":{"line":58,"column":null}},"9":{"start":{"line":51,"column":19},"end":{"line":51,"column":null}},"10":{"start":{"line":52,"column":4},"end":{"line":52,"column":null}},"11":{"start":{"line":52,"column":17},"end":{"line":52,"column":null}},"12":{"start":{"line":53,"column":19},"end":{"line":53,"column":null}},"13":{"start":{"line":54,"column":4},"end":{"line":54,"column":null}},"14":{"start":{"line":54,"column":17},"end":{"line":54,"column":null}},"15":{"start":{"line":55,"column":15},"end":{"line":55,"column":null}},"16":{"start":{"line":56,"column":15},"end":{"line":56,"column":null}},"17":{"start":{"line":57,"column":4},"end":{"line":57,"column":null}},"18":{"start":{"line":60,"column":2},"end":{"line":94,"column":null}},"19":{"start":{"line":76,"column":23},"end":{"line":76,"column":null}},"20":{"start":{"line":89,"column":23},"end":{"line":89,"column":null}}},"fnMap":{"0":{"name":"(anonymous_0)","decl":{"start":{"line":4,"column":16},"end":{"line":4,"column":null}},"loc":{"start":{"line":5,"column":2},"end":{"line":21,"column":null}},"line":5},"1":{"name":"(anonymous_1)","decl":{"start":{"line":24,"column":17},"end":{"line":24,"column":null}},"loc":{"start":{"line":25,"column":2},"end":{"line":40,"column":null}},"line":25},"2":{"name":"LotterySwitcher","decl":{"start":{"line":43,"column":24},"end":{"line":43,"column":42}},"loc":{"start":{"line":43,"column":42},"end":{"line":96,"column":null}},"line":43},"3":{"name":"(anonymous_3)","decl":{"start":{"line":50,"column":18},"end":{"line":50,"column":24}},"loc":{"start":{"line":50,"column":24},"end":{"line":58,"column":5}},"line":50},"4":{"name":"(anonymous_4)","decl":{"start":{"line":76,"column":17},"end":{"line":76,"column":23}},"loc":{"start":{"line":76,"column":23},"end":{"line":76,"column":null}},"line":76},"5":{"name":"(anonymous_5)","decl":{"start":{"line":89,"column":17},"end":{"line":89,"column":23}},"loc":{"start":{"line":89,"column":23},"end":{"line":89,"column":null}},"line":89}},"branchMap":{"0":{"loc":{"start":{"line":51,"column":19},"end":{"line":51,"column":null}},"type":"cond-expr","locations":[{"start":{"line":51,"column":43},"end":{"line":51,"column":60}},{"start":{"line":51,"column":60},"end":{"line":51,"column":null}}],"line":51},"1":{"loc":{"start":{"line":52,"column":4},"end":{"line":52,"column":null}},"type":"if","locations":[{"start":{"line":52,"column":4},"end":{"line":52,"column":null}},{"start":{},"end":{}}],"line":52},"2":{"loc":{"start":{"line":54,"column":4},"end":{"line":54,"column":null}},"type":"if","locations":[{"start":{"line":54,"column":4},"end":{"line":54,"column":null}},{"start":{},"end":{}}],"line":54},"3":{"loc":{"start":{"line":75,"column":28},"end":{"line":75,"column":70}},"type":"cond-expr","locations":[{"start":{"line":75,"column":52},"end":{"line":75,"column":68}},{"start":{"line":75,"column":68},"end":{"line":75,"column":70}}],"line":75},"4":{"loc":{"start":{"line":88,"column":28},"end":{"line":88,"column":72}},"type":"cond-expr","locations":[{"start":{"line":88,"column":53},"end":{"line":88,"column":70}},{"start":{"line":88,"column":70},"end":{"line":88,"column":72}}],"line":88}},"s":{"0":1,"1":6,"2":1,"3":6,"4":6,"5":6,"6":6,"7":6,"8":6,"9":3,"10":3,"11":0,"12":3,"13":3,"14":0,"15":3,"16":3,"17":3,"18":6,"19":0,"20":0},"f":{"0":6,"1":6,"2":6,"3":3,"4":0,"5":0},"b":{"0":[1,2],"1":[0,3],"2":[0,3],"3":[2,4],"4":[4,2]},"meta":{"lastBranch":5,"lastFunction":6,"lastStatement":21,"seen":{"s:4:16:21:Infinity":0,"f:4:16:4:Infinity":0,"s:5:2:21:Infinity":1,"s:24:17:40:Infinity":2,"f:24:17:24:Infinity":1,"s:25:2:40:Infinity":3,"f:43:24:43:42":2,"s:44:38:44:Infinity":4,"s:45:8:45:Infinity":5,"s:46:8:46:Infinity":6,"s:47:32:47:Infinity":7,"s:50:2:58:Infinity":8,"f:50:18:50:24":3,"s:51:19:51:Infinity":9,"b:51:43:51:60:51:60:51:Infinity":0,"b:52:4:52:Infinity:undefined:undefined:undefined:undefined":1,"s:52:4:52:Infinity":10,"s:52:17:52:Infinity":11,"s:53:19:53:Infinity":12,"b:54:4:54:Infinity:undefined:undefined:undefined:undefined":2,"s:54:4:54:Infinity":13,"s:54:17:54:Infinity":14,"s:55:15:55:Infinity":15,"s:56:15:56:Infinity":16,"s:57:4:57:Infinity":17,"s:60:2:94:Infinity":18,"b:75:52:75:68:75:68:75:70":3,"f:76:17:76:23":4,"s:76:23:76:Infinity":19,"b:88:53:88:70:88:70:88:72":4,"f:89:17:89:23":5,"s:89:23:89:Infinity":20}}}
,"D:\\Hobby\\LottoLens\\frontend\\src\\components\\ui\\Skeleton.jsx": {"path":"D:\\Hobby\\LottoLens\\frontend\\src\\components\\ui\\Skeleton.jsx","statementMap":{"0":{"start":{"line":12,"column":20},"end":{"line":18,"column":null}},"1":{"start":{"line":20,"column":2},"end":{"line":25,"column":null}}},"fnMap":{"0":{"name":"Skeleton","decl":{"start":{"line":5,"column":24},"end":{"line":5,"column":33}},"loc":{"start":{"line":11,"column":3},"end":{"line":27,"column":null}},"line":11}},"branchMap":{"0":{"loc":{"start":{"line":6,"column":2},"end":{"line":6,"column":null}},"type":"default-arg","locations":[{"start":{"line":6,"column":12},"end":{"line":6,"column":null}}],"line":6},"1":{"loc":{"start":{"line":7,"column":2},"end":{"line":7,"column":null}},"type":"default-arg","locations":[{"start":{"line":7,"column":10},"end":{"line":7,"column":null}}],"line":7},"2":{"loc":{"start":{"line":8,"column":2},"end":{"line":8,"column":null}},"type":"default-arg","locations":[{"start":{"line":8,"column":11},"end":{"line":8,"column":null}}],"line":8},"3":{"loc":{"start":{"line":9,"column":2},"end":{"line":9,"column":null}},"type":"default-arg","locations":[{"start":{"line":9,"column":14},"end":{"line":9,"column":null}}],"line":9},"4":{"loc":{"start":{"line":10,"column":2},"end":{"line":10,"column":null}},"type":"default-arg","locations":[{"start":{"line":10,"column":10},"end":{"line":10,"column":null}}],"line":10},"5":{"loc":{"start":{"line":15,"column":18},"end":{"line":15,"column":null}},"type":"cond-expr","locations":[{"start":{"line":15,"column":41},"end":{"line":15,"column":49}},{"start":{"line":15,"column":49},"end":{"line":15,"column":null}}],"line":15}},"s":{"0":9,"1":9},"f":{"0":9},"b":{"0":[9],"1":[9],"2":[9],"3":[9],"4":[9],"5":[1,8]},"meta":{"lastBranch":6,"lastFunction":1,"lastStatement":2,"seen":{"f:5:24:5:33":0,"b:6:12:6:Infinity":0,"b:7:10:7:Infinity":1,"b:8:11:8:Infinity":2,"b:9:14:9:Infinity":3,"b:10:10:10:Infinity":4,"s:12:20:18:Infinity":0,"b:15:41:15:49:15:49:15:Infinity":5,"s:20:2:25:Infinity":1}}}
,"D:\\Hobby\\LottoLens\\frontend\\src\\components\\ui\\atoms.jsx": {"path":"D:\\Hobby\\LottoLens\\frontend\\src\\components\\ui\\atoms.jsx","statementMap":{"0":{"start":{"line":11,"column":2},"end":{"line":11,"column":null}},"1":{"start":{"line":11,"column":35},"end":{"line":11,"column":null}},"2":{"start":{"line":12,"column":2},"end":{"line":18,"column":null}},"3":{"start":{"line":16,"column":8},"end":{"line":16,"column":null}},"4":{"start":{"line":26,"column":2},"end":{"line":33,"column":null}}},"fnMap":{"0":{"name":"CTip","decl":{"start":{"line":10,"column":16},"end":{"line":10,"column":21}},"loc":{"start":{"line":10,"column":49},"end":{"line":20,"column":null}},"line":10},"1":{"name":"(anonymous_1)","decl":{"start":{"line":15,"column":19},"end":{"line":15,"column":20}},"loc":{"start":{"line":16,"column":8},"end":{"line":16,"column":null}},"line":16},"2":{"name":"DBall","decl":{"start":{"line":25,"column":16},"end":{"line":25,"column":22}},"loc":{"start":{"line":25,"column":48},"end":{"line":35,"column":null}},"line":25}},"branchMap":{"0":{"loc":{"start":{"line":11,"column":2},"end":{"line":11,"column":null}},"type":"if","locations":[{"start":{"line":11,"column":2},"end":{"line":11,"column":null}},{"start":{},"end":{}}],"line":11},"1":{"loc":{"start":{"line":11,"column":6},"end":{"line":11,"column":35}},"type":"binary-expr","locations":[{"start":{"line":11,"column":6},"end":{"line":11,"column":17}},{"start":{"line":11,"column":17},"end":{"line":11,"column":35}}],"line":11},"2":{"loc":{"start":{"line":16,"column":35},"end":{"line":16,"column":53}},"type":"binary-expr","locations":[{"start":{"line":16,"column":35},"end":{"line":16,"column":44}},{"start":{"line":16,"column":44},"end":{"line":16,"column":53}}],"line":16},"3":{"loc":{"start":{"line":32,"column":7},"end":{"line":32,"column":null}},"type":"binary-expr","locations":[{"start":{"line":32,"column":7},"end":{"line":32,"column":16}},{"start":{"line":32,"column":16},"end":{"line":32,"column":null}}],"line":32}},"s":{"0":5,"1":3,"2":2,"3":3,"4":6},"f":{"0":5,"1":3,"2":6},"b":{"0":[3,2],"1":[5,4],"2":[3,0],"3":[6,1]},"meta":{"lastBranch":4,"lastFunction":3,"lastStatement":5,"seen":{"f:10:16:10:21":0,"b:11:2:11:Infinity:undefined:undefined:undefined:undefined":0,"s:11:2:11:Infinity":0,"b:11:6:11:17:11:17:11:35":1,"s:11:35:11:Infinity":1,"s:12:2:18:Infinity":2,"f:15:19:15:20":1,"s:16:8:16:Infinity":3,"b:16:35:16:44:16:44:16:53":2,"f:25:16:25:22":2,"s:26:2:33:Infinity":4,"b:32:7:32:16:32:16:32:Infinity":3}}}
}
